Started POST "/login" for 127.0.0.1 at 2023-03-30 15:33:17 -0400
  
ActiveRecord::ConnectionNotEstablished (connection to server at "::1", port 3000 failed: received invalid response to SSL negotiation: H
):
  
activerecord (7.0.4.3) lib/active_record/connection_adapters/postgresql_adapter.rb:87:in `rescue in new_client'
activerecord (7.0.4.3) lib/active_record/connection_adapters/postgresql_adapter.rb:77:in `new_client'
activerecord (7.0.4.3) lib/active_record/connection_adapters/postgresql_adapter.rb:37:in `postgresql_connection'
activerecord (7.0.4.3) lib/active_record/connection_adapters/abstract/connection_pool.rb:656:in `public_send'
activerecord (7.0.4.3) lib/active_record/connection_adapters/abstract/connection_pool.rb:656:in `new_connection'
activerecord (7.0.4.3) lib/active_record/connection_adapters/abstract/connection_pool.rb:700:in `checkout_new_connection'
activerecord (7.0.4.3) lib/active_record/connection_adapters/abstract/connection_pool.rb:679:in `try_to_checkout_new_connection'
activerecord (7.0.4.3) lib/active_record/connection_adapters/abstract/connection_pool.rb:640:in `acquire_connection'
activerecord (7.0.4.3) lib/active_record/connection_adapters/abstract/connection_pool.rb:341:in `checkout'
activerecord (7.0.4.3) lib/active_record/connection_adapters/abstract/connection_pool.rb:181:in `connection'
activerecord (7.0.4.3) lib/active_record/connection_adapters/abstract/connection_handler.rb:211:in `retrieve_connection'
activerecord (7.0.4.3) lib/active_record/connection_handling.rb:313:in `retrieve_connection'
activerecord (7.0.4.3) lib/active_record/connection_handling.rb:280:in `connection'
activerecord (7.0.4.3) lib/active_record/migration.rb:613:in `connection'
activerecord (7.0.4.3) lib/active_record/migration.rb:608:in `build_watcher'
activerecord (7.0.4.3) lib/active_record/migration.rb:590:in `block in call'
activerecord (7.0.4.3) lib/active_record/migration.rb:589:in `synchronize'
activerecord (7.0.4.3) lib/active_record/migration.rb:589:in `call'
actionpack (7.0.4.3) lib/action_dispatch/middleware/callbacks.rb:27:in `block in call'
activesupport (7.0.4.3) lib/active_support/callbacks.rb:99:in `run_callbacks'
actionpack (7.0.4.3) lib/action_dispatch/middleware/callbacks.rb:26:in `call'
actionpack (7.0.4.3) lib/action_dispatch/middleware/executor.rb:14:in `call'
actionpack (7.0.4.3) lib/action_dispatch/middleware/actionable_exceptions.rb:17:in `call'
actionpack (7.0.4.3) lib/action_dispatch/middleware/debug_exceptions.rb:28:in `call'
actionpack (7.0.4.3) lib/action_dispatch/middleware/show_exceptions.rb:26:in `call'
railties (7.0.4.3) lib/rails/rack/logger.rb:40:in `call_app'
railties (7.0.4.3) lib/rails/rack/logger.rb:25:in `block in call'
activesupport (7.0.4.3) lib/active_support/tagged_logging.rb:99:in `block in tagged'
activesupport (7.0.4.3) lib/active_support/tagged_logging.rb:37:in `tagged'
activesupport (7.0.4.3) lib/active_support/tagged_logging.rb:99:in `tagged'
railties (7.0.4.3) lib/rails/rack/logger.rb:25:in `call'
actionpack (7.0.4.3) lib/action_dispatch/middleware/remote_ip.rb:93:in `call'
actionpack (7.0.4.3) lib/action_dispatch/middleware/request_id.rb:26:in `call'
rack (2.2.6.4) lib/rack/runtime.rb:22:in `call'
activesupport (7.0.4.3) lib/active_support/cache/strategy/local_cache_middleware.rb:29:in `call'
actionpack (7.0.4.3) lib/action_dispatch/middleware/server_timing.rb:61:in `block in call'
actionpack (7.0.4.3) lib/action_dispatch/middleware/server_timing.rb:26:in `collect_events'
actionpack (7.0.4.3) lib/action_dispatch/middleware/server_timing.rb:60:in `call'
actionpack (7.0.4.3) lib/action_dispatch/middleware/executor.rb:14:in `call'
actionpack (7.0.4.3) lib/action_dispatch/middleware/static.rb:23:in `call'
rack (2.2.6.4) lib/rack/sendfile.rb:110:in `call'
actionpack (7.0.4.3) lib/action_dispatch/middleware/host_authorization.rb:137:in `call'
railties (7.0.4.3) lib/rails/engine.rb:530:in `call'
puma (5.6.5) lib/puma/configuration.rb:252:in `call'
puma (5.6.5) lib/puma/request.rb:77:in `block in handle_request'
puma (5.6.5) lib/puma/thread_pool.rb:340:in `with_force_shutdown'
puma (5.6.5) lib/puma/request.rb:76:in `handle_request'
puma (5.6.5) lib/puma/server.rb:443:in `process_client'
puma (5.6.5) lib/puma/thread_pool.rb:147:in `block in spawn_thread'
Started POST "/login" for 127.0.0.1 at 2023-03-30 15:34:56 -0400
  [1m[36mActiveRecord::SchemaMigration Pluck (1.1ms)[0m  [1m[34mSELECT "schema_migrations"."version" FROM "schema_migrations" ORDER BY "schema_migrations"."version" ASC[0m
  [1m[36mCACHE ActiveRecord::SchemaMigration Pluck (0.0ms)[0m  [1m[34mSELECT "schema_migrations"."version" FROM "schema_migrations" ORDER BY "schema_migrations"."version" ASC[0m
  
ActiveRecord::PendingMigrationError (

Migrations are pending. To resolve this issue, run:

        bin/rails db:migrate RAILS_ENV=development

You have 1 pending migration:

20230330192909_create_users.rb


):
  
activerecord (7.0.4.3) lib/active_record/migration.rb:627:in `check_pending!'
activerecord (7.0.4.3) lib/active_record/migration.rb:592:in `block (2 levels) in call'
activesupport (7.0.4.3) lib/active_support/file_update_checker.rb:83:in `execute'
activerecord (7.0.4.3) lib/active_record/migration.rb:597:in `block in call'
activerecord (7.0.4.3) lib/active_record/migration.rb:589:in `synchronize'
activerecord (7.0.4.3) lib/active_record/migration.rb:589:in `call'
actionpack (7.0.4.3) lib/action_dispatch/middleware/callbacks.rb:27:in `block in call'
activesupport (7.0.4.3) lib/active_support/callbacks.rb:99:in `run_callbacks'
actionpack (7.0.4.3) lib/action_dispatch/middleware/callbacks.rb:26:in `call'
actionpack (7.0.4.3) lib/action_dispatch/middleware/executor.rb:14:in `call'
actionpack (7.0.4.3) lib/action_dispatch/middleware/actionable_exceptions.rb:17:in `call'
actionpack (7.0.4.3) lib/action_dispatch/middleware/debug_exceptions.rb:28:in `call'
actionpack (7.0.4.3) lib/action_dispatch/middleware/show_exceptions.rb:26:in `call'
railties (7.0.4.3) lib/rails/rack/logger.rb:40:in `call_app'
railties (7.0.4.3) lib/rails/rack/logger.rb:25:in `block in call'
activesupport (7.0.4.3) lib/active_support/tagged_logging.rb:99:in `block in tagged'
activesupport (7.0.4.3) lib/active_support/tagged_logging.rb:37:in `tagged'
activesupport (7.0.4.3) lib/active_support/tagged_logging.rb:99:in `tagged'
railties (7.0.4.3) lib/rails/rack/logger.rb:25:in `call'
actionpack (7.0.4.3) lib/action_dispatch/middleware/remote_ip.rb:93:in `call'
actionpack (7.0.4.3) lib/action_dispatch/middleware/request_id.rb:26:in `call'
rack (2.2.6.4) lib/rack/runtime.rb:22:in `call'
activesupport (7.0.4.3) lib/active_support/cache/strategy/local_cache_middleware.rb:29:in `call'
actionpack (7.0.4.3) lib/action_dispatch/middleware/server_timing.rb:61:in `block in call'
actionpack (7.0.4.3) lib/action_dispatch/middleware/server_timing.rb:26:in `collect_events'
actionpack (7.0.4.3) lib/action_dispatch/middleware/server_timing.rb:60:in `call'
actionpack (7.0.4.3) lib/action_dispatch/middleware/executor.rb:14:in `call'
actionpack (7.0.4.3) lib/action_dispatch/middleware/static.rb:23:in `call'
rack (2.2.6.4) lib/rack/sendfile.rb:110:in `call'
actionpack (7.0.4.3) lib/action_dispatch/middleware/host_authorization.rb:137:in `call'
railties (7.0.4.3) lib/rails/engine.rb:530:in `call'
puma (5.6.5) lib/puma/configuration.rb:252:in `call'
puma (5.6.5) lib/puma/request.rb:77:in `block in handle_request'
puma (5.6.5) lib/puma/thread_pool.rb:340:in `with_force_shutdown'
puma (5.6.5) lib/puma/request.rb:76:in `handle_request'
puma (5.6.5) lib/puma/server.rb:443:in `process_client'
puma (5.6.5) lib/puma/thread_pool.rb:147:in `block in spawn_thread'
  [1m[35m (0.5ms)[0m  [1m[34mSELECT pg_try_advisory_lock(737815420147457505)[0m
  [1m[36mActiveRecord::SchemaMigration Pluck (1.0ms)[0m  [1m[34mSELECT "schema_migrations"."version" FROM "schema_migrations" ORDER BY "schema_migrations"."version" ASC[0m
Migrating to CreateUsers (20230330192909)
  [1m[36mTRANSACTION (0.9ms)[0m  [1m[35mBEGIN[0m
  [1m[35m (0.7ms)[0m  [1m[35mCREATE TABLE IF NOT EXISTS "users" ("id" bigserial primary key, "username" character varying, "password" character varying, "created_at" timestamp(6) NOT NULL, "updated_at" timestamp(6) NOT NULL)[0m
  [1m[36mActiveRecord::SchemaMigration Create (1.1ms)[0m  [1m[32mINSERT INTO "schema_migrations" ("version") VALUES ($1) RETURNING "version"[0m  [["version", "20230330192909"]]
  [1m[36mTRANSACTION (1.8ms)[0m  [1m[35mCOMMIT[0m
  [1m[36mActiveRecord::InternalMetadata Load (0.8ms)[0m  [1m[34mSELECT "ar_internal_metadata".* FROM "ar_internal_metadata" WHERE "ar_internal_metadata"."key" = $1 LIMIT $2[0m  [["key", "environment"], ["LIMIT", 1]]
  [1m[35m (0.9ms)[0m  [1m[34mSELECT pg_advisory_unlock(737815420147457505)[0m
  [1m[36mActiveRecord::SchemaMigration Pluck (1.6ms)[0m  [1m[34mSELECT "schema_migrations"."version" FROM "schema_migrations" ORDER BY "schema_migrations"."version" ASC[0m
Started POST "/login" for 127.0.0.1 at 2023-03-30 15:35:48 -0400
  [1m[36mActiveRecord::SchemaMigration Pluck (1.1ms)[0m  [1m[34mSELECT "schema_migrations"."version" FROM "schema_migrations" ORDER BY "schema_migrations"."version" ASC[0m
  
ActionController::RoutingError (uninitialized constant SessionsController

      Object.const_get(camel_cased_word)
            ^^^^^^^^^^
Did you mean?  SessionController

            raise MissingController.new(error.message, error.name)
            ^^^^^):
  
Started POST "/login" for 127.0.0.1 at 2023-03-30 15:36:17 -0400
  [1m[36mActiveRecord::SchemaMigration Pluck (0.9ms)[0m  [1m[34mSELECT "schema_migrations"."version" FROM "schema_migrations" ORDER BY "schema_migrations"."version" ASC[0m
Processing by SessionController#create as */*
  Parameters: {"username"=>"admin", "password"=>"[FILTERED]", "session"=>{"username"=>"admin", "password"=>"[FILTERED]"}}
Completed 500 Internal Server Error in 40ms (ActiveRecord: 7.3ms | Allocations: 6729)


  
ActiveRecord::StatementInvalid (PG::UndefinedColumn: ERROR:  column users.email does not exist
LINE 1: SELECT "users".* FROM "users" WHERE "users"."email" = $1 ORD...
                                            ^
):
  
app/controllers/session_controller.rb:4:in `create'
Started POST "/login" for 127.0.0.1 at 2023-03-30 15:37:15 -0400
  [1m[36mActiveRecord::SchemaMigration Pluck (0.9ms)[0m  [1m[34mSELECT "schema_migrations"."version" FROM "schema_migrations" ORDER BY "schema_migrations"."version" ASC[0m
Processing by SessionController#create as */*
  Parameters: {"username"=>"admin", "password"=>"[FILTERED]", "session"=>{"username"=>"admin", "password"=>"[FILTERED]"}}
  [1m[36mUser Load (0.7ms)[0m  [1m[34mSELECT "users".* FROM "users" WHERE "users"."username" = $1 ORDER BY "users"."id" ASC LIMIT $2[0m  [["username", "admin"], ["LIMIT", 1]]
  ↳ app/controllers/session_controller.rb:4:in `create'
Completed 500 Internal Server Error in 31ms (ActiveRecord: 7.7ms | Allocations: 13943)


  
NoMethodError (undefined method `authenticate' for #<User id: 1, username: "admin", password: [FILTERED], created_at: "2023-03-30 15:18:22.252495000 +0000", updated_at: "2023-03-30 15:18:22.252495000 +0000">):
  
app/controllers/session_controller.rb:5:in `create'
Started POST "/login" for 127.0.0.1 at 2023-03-30 15:38:22 -0400
  [1m[36mActiveRecord::SchemaMigration Pluck (0.9ms)[0m  [1m[34mSELECT "schema_migrations"."version" FROM "schema_migrations" ORDER BY "schema_migrations"."version" ASC[0m
Processing by SessionController#create as */*
  Parameters: {"username"=>"admin", "password"=>"[FILTERED]", "session"=>{"username"=>"admin", "password"=>"[FILTERED]"}}
Completed 500 Internal Server Error in 35ms (ActiveRecord: 0.0ms | Allocations: 5184)


  
LoadError (cannot load such file -- bcrypt):
  
app/models/user.rb:2:in `<class:User>'
app/models/user.rb:1:in `<main>'
app/controllers/session_controller.rb:4:in `create'
Started POST "/login" for 127.0.0.1 at 2023-03-30 15:39:42 -0400
  [1m[36mActiveRecord::SchemaMigration Pluck (0.8ms)[0m  [1m[34mSELECT "schema_migrations"."version" FROM "schema_migrations" ORDER BY "schema_migrations"."version" ASC[0m
Processing by SessionController#create as */*
  Parameters: {"username"=>"admin", "password"=>"[FILTERED]", "session"=>{"username"=>"admin", "password"=>"[FILTERED]"}}
  [1m[36mUser Load (0.9ms)[0m  [1m[34mSELECT "users".* FROM "users" WHERE "users"."username" = $1 ORDER BY "users"."id" ASC LIMIT $2[0m  [["username", "admin"], ["LIMIT", 1]]
  ↳ app/controllers/session_controller.rb:4:in `create'
Completed 500 Internal Server Error in 51ms (ActiveRecord: 6.9ms | Allocations: 14660)


  
NoMethodError (undefined method `password_digest' for #<User id: 1, username: "admin", password: [FILTERED], created_at: "2023-03-30 15:18:22.252495000 +0000", updated_at: "2023-03-30 15:18:22.252495000 +0000">
Did you mean?  password):
  
app/controllers/session_controller.rb:5:in `create'
  [1m[35m (11.1ms)[0m  [1m[35mCREATE TABLE "schema_migrations" ("version" character varying NOT NULL PRIMARY KEY)[0m
  [1m[35m (6.9ms)[0m  [1m[35mCREATE TABLE "ar_internal_metadata" ("key" character varying NOT NULL PRIMARY KEY, "value" character varying, "created_at" timestamp(6) NOT NULL, "updated_at" timestamp(6) NOT NULL)[0m
  [1m[35m (0.9ms)[0m  [1m[34mSELECT pg_try_advisory_lock(737815420147457505)[0m
  [1m[36mActiveRecord::SchemaMigration Pluck (0.7ms)[0m  [1m[34mSELECT "schema_migrations"."version" FROM "schema_migrations" ORDER BY "schema_migrations"."version" ASC[0m
Migrating to CreateUsers (20230330192909)
  [1m[36mTRANSACTION (0.7ms)[0m  [1m[35mBEGIN[0m
  [1m[35m (9.2ms)[0m  [1m[35mCREATE TABLE IF NOT EXISTS "users" ("id" bigserial primary key, "username" character varying, "password_digest" character varying, "created_at" timestamp(6) NOT NULL, "updated_at" timestamp(6) NOT NULL)[0m
  [1m[36mActiveRecord::SchemaMigration Create (0.9ms)[0m  [1m[32mINSERT INTO "schema_migrations" ("version") VALUES ($1) RETURNING "version"[0m  [["version", "20230330192909"]]
  [1m[36mTRANSACTION (1.7ms)[0m  [1m[35mCOMMIT[0m
  [1m[36mActiveRecord::InternalMetadata Load (0.5ms)[0m  [1m[34mSELECT "ar_internal_metadata".* FROM "ar_internal_metadata" WHERE "ar_internal_metadata"."key" = $1 LIMIT $2[0m  [["key", "environment"], ["LIMIT", 1]]
  [1m[36mTRANSACTION (0.5ms)[0m  [1m[35mBEGIN[0m
  [1m[36mActiveRecord::InternalMetadata Create (1.1ms)[0m  [1m[32mINSERT INTO "ar_internal_metadata" ("key", "value", "created_at", "updated_at") VALUES ($1, $2, $3, $4) RETURNING "key"[0m  [["key", "environment"], ["value", "development"], ["created_at", "2023-03-30 19:43:54.248815"], ["updated_at", "2023-03-30 19:43:54.248815"]]
  [1m[36mTRANSACTION (1.5ms)[0m  [1m[35mCOMMIT[0m
  [1m[35m (0.5ms)[0m  [1m[34mSELECT pg_advisory_unlock(737815420147457505)[0m
  [1m[36mActiveRecord::SchemaMigration Pluck (0.7ms)[0m  [1m[34mSELECT "schema_migrations"."version" FROM "schema_migrations" ORDER BY "schema_migrations"."version" ASC[0m
Started POST "/login" for 127.0.0.1 at 2023-03-30 15:44:10 -0400
  [1m[36mActiveRecord::SchemaMigration Pluck (1.0ms)[0m  [1m[34mSELECT "schema_migrations"."version" FROM "schema_migrations" ORDER BY "schema_migrations"."version" ASC[0m
Processing by SessionController#create as */*
  Parameters: {"username"=>"admin", "password"=>"[FILTERED]", "session"=>{"username"=>"admin", "password"=>"[FILTERED]"}}
  [1m[36mUser Load (0.6ms)[0m  [1m[34mSELECT "users".* FROM "users" WHERE "users"."username" = $1 ORDER BY "users"."id" ASC LIMIT $2[0m  [["username", "admin"], ["LIMIT", 1]]
  ↳ app/controllers/session_controller.rb:4:in `create'
Completed 401 Unauthorized in 39ms (ActiveRecord: 5.8ms | Allocations: 6017)


Started POST "/login" for 127.0.0.1 at 2023-03-30 15:46:00 -0400
Processing by SessionController#create as */*
  Parameters: {"username"=>"admin", "password"=>"[FILTERED]", "session"=>{"username"=>"admin", "password"=>"[FILTERED]"}}
  [1m[36mUser Load (1.0ms)[0m  [1m[34mSELECT "users".* FROM "users" WHERE "users"."username" = $1 ORDER BY "users"."id" ASC LIMIT $2[0m  [["username", "admin"], ["LIMIT", 1]]
  ↳ app/controllers/session_controller.rb:4:in `create'
Completed 500 Internal Server Error in 48ms (ActiveRecord: 1.0ms | Allocations: 7464)


  
BCrypt::Errors::InvalidHash (invalid hash):
  
app/controllers/session_controller.rb:5:in `create'
Started POST "/login" for 127.0.0.1 at 2023-03-30 15:56:49 -0400
  [1m[36mActiveRecord::SchemaMigration Pluck (0.8ms)[0m  [1m[34mSELECT "schema_migrations"."version" FROM "schema_migrations" ORDER BY "schema_migrations"."version" ASC[0m
Processing by SessionController#create as */*
  Parameters: {"username"=>"admin", "password"=>"[FILTERED]", "session"=>{"username"=>"admin", "password"=>"[FILTERED]"}}
  [1m[36mUser Load (0.6ms)[0m  [1m[34mSELECT "users".* FROM "users" WHERE "users"."username" = $1 ORDER BY "users"."id" ASC LIMIT $2[0m  [["username", "admin"], ["LIMIT", 1]]
  ↳ app/controllers/session_controller.rb:4:in `create'
Completed 500 Internal Server Error in 45ms (ActiveRecord: 6.5ms | Allocations: 9841)


  
BCrypt::Errors::InvalidHash (invalid hash):
  
app/controllers/session_controller.rb:5:in `create'
Started POST "/login" for 127.0.0.1 at 2023-03-30 16:01:48 -0400
  [1m[36mActiveRecord::SchemaMigration Pluck (0.9ms)[0m  [1m[34mSELECT "schema_migrations"."version" FROM "schema_migrations" ORDER BY "schema_migrations"."version" ASC[0m
Processing by SessionController#create as */*
  Parameters: {"username"=>"admin", "password"=>"[FILTERED]", "session"=>{"username"=>"admin", "password"=>"[FILTERED]"}}
  [1m[36mUser Load (0.8ms)[0m  [1m[34mSELECT "users".* FROM "users" WHERE "users"."username" = $1 ORDER BY "users"."id" ASC LIMIT $2[0m  [["username", "admin"], ["LIMIT", 1]]
  ↳ app/controllers/session_controller.rb:4:in `create'
Completed 500 Internal Server Error in 45ms (ActiveRecord: 6.3ms | Allocations: 9841)


  
BCrypt::Errors::InvalidHash (invalid hash):
  
app/controllers/session_controller.rb:5:in `create'
Started POST "/login" for 127.0.0.1 at 2023-03-30 16:04:40 -0400
  [1m[36mActiveRecord::SchemaMigration Pluck (0.8ms)[0m  [1m[34mSELECT "schema_migrations"."version" FROM "schema_migrations" ORDER BY "schema_migrations"."version" ASC[0m
Processing by SessionController#create as */*
  Parameters: {"username"=>"admin", "password"=>"[FILTERED]", "session"=>{"username"=>"admin", "password"=>"[FILTERED]"}}
  [1m[36mUser Load (0.6ms)[0m  [1m[34mSELECT "users".* FROM "users" WHERE "users"."username" = $1 ORDER BY "users"."id" ASC LIMIT $2[0m  [["username", "admin"], ["LIMIT", 1]]
  ↳ app/controllers/session_controller.rb:4:in `create'
Completed 500 Internal Server Error in 44ms (ActiveRecord: 5.4ms | Allocations: 6743)


  
NoMethodError (undefined method `authenticate' for nil:NilClass

    if user.authenticate(credentials['password'])
           ^^^^^^^^^^^^^):
  
app/controllers/session_controller.rb:5:in `create'
Started POST "/login" for 127.0.0.1 at 2023-03-30 16:08:23 -0400
  [1m[36mActiveRecord::SchemaMigration Pluck (1.0ms)[0m  [1m[34mSELECT "schema_migrations"."version" FROM "schema_migrations" ORDER BY "schema_migrations"."version" ASC[0m
Processing by SessionController#create as */*
  Parameters: {"username"=>"admin", "password"=>"[FILTERED]", "session"=>{"username"=>"admin", "password"=>"[FILTERED]"}}
  [1m[36mUser Load (0.6ms)[0m  [1m[34mSELECT "users".* FROM "users" WHERE "users"."username" = $1 ORDER BY "users"."id" ASC LIMIT $2[0m  [["username", "admin"], ["LIMIT", 1]]
  ↳ app/controllers/session_controller.rb:4:in `create'
Completed 500 Internal Server Error in 43ms (ActiveRecord: 5.3ms | Allocations: 7948)


  
NameError (uninitialized constant SessionController::JsonWebToken

    puts JsonWebToken.encode(user_id: 3)
         ^^^^^^^^^^^^):
  
app/controllers/session_controller.rb:5:in `create'
Started POST "/login" for 127.0.0.1 at 2023-03-30 16:10:35 -0400
  [1m[36mActiveRecord::SchemaMigration Pluck (0.8ms)[0m  [1m[34mSELECT "schema_migrations"."version" FROM "schema_migrations" ORDER BY "schema_migrations"."version" ASC[0m
Processing by SessionController#create as */*
  Parameters: {"username"=>"admin", "password"=>"[FILTERED]", "session"=>{"username"=>"admin", "password"=>"[FILTERED]"}}
  [1m[36mUser Load (0.6ms)[0m  [1m[34mSELECT "users".* FROM "users" WHERE "users"."username" = $1 ORDER BY "users"."id" ASC LIMIT $2[0m  [["username", "admin"], ["LIMIT", 1]]
  ↳ app/controllers/session_controller.rb:7:in `create'
Completed 401 Unauthorized in 42ms (ActiveRecord: 6.8ms | Allocations: 6282)


Started POST "/users" for 127.0.0.1 at 2023-03-30 16:13:48 -0400
  [1m[36mActiveRecord::SchemaMigration Pluck (0.8ms)[0m  [1m[34mSELECT "schema_migrations"."version" FROM "schema_migrations" ORDER BY "schema_migrations"."version" ASC[0m
Processing by UserController#create as */*
  Parameters: {"username"=>"admin", "password"=>"[FILTERED]", "user"=>{"username"=>"admin"}}
  [1m[36mTRANSACTION (0.7ms)[0m  [1m[35mBEGIN[0m
  ↳ app/controllers/user_controller.rb:4:in `create'
  [1m[36mUser Create (0.8ms)[0m  [1m[32mINSERT INTO "users" ("username", "password_digest", "created_at", "updated_at") VALUES ($1, $2, $3, $4) RETURNING "id"[0m  [["username", "admin"], ["password_digest", "[FILTERED]"], ["created_at", "2023-03-30 20:13:49.207459"], ["updated_at", "2023-03-30 20:13:49.207459"]]
  ↳ app/controllers/user_controller.rb:4:in `create'
  [1m[36mTRANSACTION (2.2ms)[0m  [1m[35mCOMMIT[0m
  ↳ app/controllers/user_controller.rb:4:in `create'
Completed 200 OK in 201ms (Views: 0.2ms | ActiveRecord: 9.6ms | Allocations: 9630)


Started POST "/login" for 127.0.0.1 at 2023-03-30 16:15:26 -0400
Processing by SessionController#create as */*
  Parameters: {"username"=>"admin", "password"=>"[FILTERED]", "session"=>{"username"=>"admin", "password"=>"[FILTERED]"}}
  [1m[36mUser Load (0.7ms)[0m  [1m[34mSELECT "users".* FROM "users" WHERE "users"."username" = $1 ORDER BY "users"."id" ASC LIMIT $2[0m  [["username", "admin"], ["LIMIT", 1]]
  ↳ app/controllers/session_controller.rb:7:in `create'
Completed 500 Internal Server Error in 9ms (ActiveRecord: 1.6ms | Allocations: 1809)


  
BCrypt::Errors::InvalidHash (invalid hash):
  
app/controllers/session_controller.rb:10:in `create'
Started POST "/login" for 127.0.0.1 at 2023-03-30 16:17:16 -0400
  [1m[36mActiveRecord::SchemaMigration Pluck (0.9ms)[0m  [1m[34mSELECT "schema_migrations"."version" FROM "schema_migrations" ORDER BY "schema_migrations"."version" ASC[0m
Processing by SessionController#create as */*
  Parameters: {"username"=>"admin", "password"=>"[FILTERED]", "session"=>{"username"=>"admin", "password"=>"[FILTERED]"}}
  [1m[36mUser Load (0.6ms)[0m  [1m[34mSELECT "users".* FROM "users" WHERE "users"."username" = $1 ORDER BY "users"."id" ASC LIMIT $2[0m  [["username", "admin"], ["LIMIT", 1]]
  ↳ app/controllers/session_controller.rb:7:in `create'
Completed 500 Internal Server Error in 45ms (ActiveRecord: 6.7ms | Allocations: 9841)


  
BCrypt::Errors::InvalidHash (invalid hash):
  
app/controllers/session_controller.rb:10:in `create'
Started POST "/login" for 127.0.0.1 at 2023-03-30 16:19:39 -0400
  [1m[36mActiveRecord::SchemaMigration Pluck (1.0ms)[0m  [1m[34mSELECT "schema_migrations"."version" FROM "schema_migrations" ORDER BY "schema_migrations"."version" ASC[0m
Processing by SessionController#create as */*
  Parameters: {"username"=>"admin", "password"=>"[FILTERED]", "session"=>{"username"=>"admin", "password"=>"[FILTERED]"}}
  [1m[36mUser Load (0.6ms)[0m  [1m[34mSELECT "users".* FROM "users" WHERE "users"."username" = $1 ORDER BY "users"."id" ASC LIMIT $2[0m  [["username", "admin"], ["LIMIT", 1]]
  ↳ app/controllers/session_controller.rb:7:in `create'
Completed 500 Internal Server Error in 45ms (ActiveRecord: 6.0ms | Allocations: 9844)


  
BCrypt::Errors::InvalidHash (invalid hash):
  
app/controllers/session_controller.rb:10:in `create'
Started POST "/login" for 127.0.0.1 at 2023-03-30 16:20:18 -0400
Processing by SessionController#create as */*
  Parameters: {"username"=>"hahaha", "password"=>"[FILTERED]", "session"=>{"username"=>"hahaha", "password"=>"[FILTERED]"}}
  [1m[36mUser Load (0.5ms)[0m  [1m[34mSELECT "users".* FROM "users" WHERE "users"."username" = $1 ORDER BY "users"."id" ASC LIMIT $2[0m  [["username", "hahaha"], ["LIMIT", 1]]
  ↳ app/controllers/session_controller.rb:7:in `create'
Completed 401 Unauthorized in 9ms (ActiveRecord: 3.5ms | Allocations: 2444)


Started POST "/login" for 127.0.0.1 at 2023-03-30 16:20:37 -0400
Processing by SessionController#create as */*
  Parameters: {"username"=>"admin", "password"=>"[FILTERED]", "session"=>{"username"=>"admin", "password"=>"[FILTERED]"}}
  [1m[36mUser Load (0.6ms)[0m  [1m[34mSELECT "users".* FROM "users" WHERE "users"."username" = $1 ORDER BY "users"."id" ASC LIMIT $2[0m  [["username", "admin"], ["LIMIT", 1]]
  ↳ app/controllers/session_controller.rb:7:in `create'
Completed 500 Internal Server Error in 3ms (ActiveRecord: 0.6ms | Allocations: 1858)


  
BCrypt::Errors::InvalidHash (invalid hash):
  
app/controllers/session_controller.rb:10:in `create'
Started POST "/login" for 127.0.0.1 at 2023-03-30 16:21:12 -0400
  [1m[36mActiveRecord::SchemaMigration Pluck (0.9ms)[0m  [1m[34mSELECT "schema_migrations"."version" FROM "schema_migrations" ORDER BY "schema_migrations"."version" ASC[0m
Processing by SessionController#create as */*
  Parameters: {"username"=>"admin", "password"=>"[FILTERED]", "session"=>{"username"=>"admin", "password"=>"[FILTERED]"}}
  [1m[36mUser Load (0.5ms)[0m  [1m[34mSELECT "users".* FROM "users" WHERE "users"."username" = $1 ORDER BY "users"."id" ASC LIMIT $2[0m  [["username", "admin"], ["LIMIT", 1]]
  ↳ app/controllers/session_controller.rb:7:in `create'
Completed 500 Internal Server Error in 47ms (ActiveRecord: 6.6ms | Allocations: 9841)


  
BCrypt::Errors::InvalidHash (invalid hash):
  
app/controllers/session_controller.rb:10:in `create'
Started POST "/login" for 127.0.0.1 at 2023-03-30 16:21:33 -0400
  [1m[36mActiveRecord::SchemaMigration Pluck (1.1ms)[0m  [1m[34mSELECT "schema_migrations"."version" FROM "schema_migrations" ORDER BY "schema_migrations"."version" ASC[0m
Processing by SessionController#create as */*
  Parameters: {"username"=>"admin", "password"=>"[FILTERED]", "session"=>{"username"=>"admin", "password"=>"[FILTERED]"}}
  [1m[36mUser Load (0.7ms)[0m  [1m[34mSELECT "users".* FROM "users" WHERE "users"."username" = $1 ORDER BY "users"."id" ASC LIMIT $2[0m  [["username", "admin"], ["LIMIT", 1]]
  ↳ app/controllers/session_controller.rb:7:in `create'
Completed 500 Internal Server Error in 31ms (ActiveRecord: 6.3ms | Allocations: 9843)


  
BCrypt::Errors::InvalidHash (invalid hash):
  
app/controllers/session_controller.rb:10:in `create'
Started POST "/login" for 127.0.0.1 at 2023-03-30 16:21:56 -0400
  [1m[36mActiveRecord::SchemaMigration Pluck (0.9ms)[0m  [1m[34mSELECT "schema_migrations"."version" FROM "schema_migrations" ORDER BY "schema_migrations"."version" ASC[0m
Processing by SessionController#create as */*
  Parameters: {"username"=>"admin", "password"=>"[FILTERED]", "session"=>{"username"=>"admin", "password"=>"[FILTERED]"}}
  [1m[36mUser Load (1.1ms)[0m  [1m[34mSELECT "users".* FROM "users" WHERE "users"."username" = $1 ORDER BY "users"."id" ASC LIMIT $2[0m  [["username", "admin"], ["LIMIT", 1]]
  ↳ app/controllers/session_controller.rb:7:in `create'
Completed 500 Internal Server Error in 56ms (ActiveRecord: 7.6ms | Allocations: 9812)


  
ArgumentError (wrong number of arguments (given 0, expected 1)):
  
app/controllers/session_controller.rb:10:in `create'
Started POST "/login" for 127.0.0.1 at 2023-03-30 16:22:20 -0400
  [1m[36mActiveRecord::SchemaMigration Pluck (0.8ms)[0m  [1m[34mSELECT "schema_migrations"."version" FROM "schema_migrations" ORDER BY "schema_migrations"."version" ASC[0m
Processing by SessionController#create as */*
  Parameters: {"username"=>"admin", "password"=>"[FILTERED]", "session"=>{"username"=>"admin", "password"=>"[FILTERED]"}}
  [1m[36mUser Load (0.7ms)[0m  [1m[34mSELECT "users".* FROM "users" WHERE "users"."username" = $1 ORDER BY "users"."id" ASC LIMIT $2[0m  [["username", "admin"], ["LIMIT", 1]]
  ↳ app/controllers/session_controller.rb:7:in `create'
Completed 500 Internal Server Error in 57ms (ActiveRecord: 8.5ms | Allocations: 9842)


  
BCrypt::Errors::InvalidHash (invalid hash):
  
app/controllers/session_controller.rb:10:in `create'
Started POST "/login" for 127.0.0.1 at 2023-03-30 16:23:40 -0400
  [1m[36mActiveRecord::SchemaMigration Pluck (0.9ms)[0m  [1m[34mSELECT "schema_migrations"."version" FROM "schema_migrations" ORDER BY "schema_migrations"."version" ASC[0m
Processing by SessionController#create as */*
  Parameters: {"username"=>"admin", "password"=>"[FILTERED]", "session"=>{"username"=>"admin", "password"=>"[FILTERED]"}}
  [1m[36mUser Load (0.7ms)[0m  [1m[34mSELECT "users".* FROM "users" WHERE "users"."username" = $1 ORDER BY "users"."id" ASC LIMIT $2[0m  [["username", "admin"], ["LIMIT", 1]]
  ↳ app/controllers/session_controller.rb:7:in `create'
Completed 500 Internal Server Error in 48ms (ActiveRecord: 6.4ms | Allocations: 10044)


  
BCrypt::Errors::InvalidHash (invalid hash):
  
app/controllers/session_controller.rb:10:in `create'
  [1m[36mUser Load (0.6ms)[0m  [1m[34mSELECT "users".* FROM "users" WHERE "users"."username" = $1 ORDER BY "users"."id" ASC LIMIT $2[0m  [["username", "admin"], ["LIMIT", 1]]
Started POST "/login" for 127.0.0.1 at 2023-03-30 16:26:39 -0400
  [1m[36mActiveRecord::SchemaMigration Pluck (1.0ms)[0m  [1m[34mSELECT "schema_migrations"."version" FROM "schema_migrations" ORDER BY "schema_migrations"."version" ASC[0m
Processing by SessionController#create as */*
  Parameters: {"username"=>"admin", "password"=>"[FILTERED]", "session"=>{"username"=>"admin", "password"=>"[FILTERED]"}}
  [1m[36mUser Load (0.8ms)[0m  [1m[34mSELECT "users".* FROM "users" WHERE "users"."username" = $1 ORDER BY "users"."id" ASC LIMIT $2[0m  [["username", "admin"], ["LIMIT", 1]]
  ↳ app/controllers/session_controller.rb:7:in `create'
Completed 500 Internal Server Error in 41ms (ActiveRecord: 7.2ms | Allocations: 10049)


  
BCrypt::Errors::InvalidHash (invalid hash):
  
app/controllers/session_controller.rb:11:in `create'
Started POST "/login" for 127.0.0.1 at 2023-03-30 16:27:13 -0400
  [1m[36mActiveRecord::SchemaMigration Pluck (0.8ms)[0m  [1m[34mSELECT "schema_migrations"."version" FROM "schema_migrations" ORDER BY "schema_migrations"."version" ASC[0m
Processing by SessionController#create as */*
  Parameters: {"username"=>"admin", "password"=>"[FILTERED]", "session"=>{"username"=>"admin", "password"=>"[FILTERED]"}}
  [1m[36mUser Load (0.7ms)[0m  [1m[34mSELECT "users".* FROM "users" WHERE "users"."username" = $1 ORDER BY "users"."id" ASC LIMIT $2[0m  [["username", "admin"], ["LIMIT", 1]]
  ↳ app/controllers/session_controller.rb:7:in `create'
Completed 500 Internal Server Error in 55ms (ActiveRecord: 6.5ms | Allocations: 10044)


  
BCrypt::Errors::InvalidHash (invalid hash):
  
app/controllers/session_controller.rb:11:in `create'
Started POST "/login" for 127.0.0.1 at 2023-03-30 16:28:23 -0400
  [1m[36mActiveRecord::SchemaMigration Pluck (0.9ms)[0m  [1m[34mSELECT "schema_migrations"."version" FROM "schema_migrations" ORDER BY "schema_migrations"."version" ASC[0m
Processing by SessionController#create as */*
  Parameters: {"username"=>"admin", "password"=>"[FILTERED]", "session"=>{"username"=>"admin", "password"=>"[FILTERED]"}}
  [1m[36mUser Load (0.7ms)[0m  [1m[34mSELECT "users".* FROM "users" WHERE "users"."username" = $1 ORDER BY "users"."id" ASC LIMIT $2[0m  [["username", "admin"], ["LIMIT", 1]]
  ↳ app/controllers/session_controller.rb:7:in `create'
Completed 500 Internal Server Error in 45ms (ActiveRecord: 5.9ms | Allocations: 10044)


  
BCrypt::Errors::InvalidHash (invalid hash):
  
app/controllers/session_controller.rb:11:in `create'
  [1m[36mTRANSACTION (0.7ms)[0m  [1m[35mBEGIN[0m
  [1m[36mUser Create (0.9ms)[0m  [1m[32mINSERT INTO "users" ("username", "password_digest", "created_at", "updated_at") VALUES ($1, $2, $3, $4) RETURNING "id"[0m  [["username", "user1"], ["password_digest", "[FILTERED]"], ["created_at", "2023-03-30 20:31:05.535078"], ["updated_at", "2023-03-30 20:31:05.535078"]]
  [1m[36mTRANSACTION (2.2ms)[0m  [1m[35mCOMMIT[0m
Started POST "/login" for 127.0.0.1 at 2023-03-30 16:32:19 -0400
  [1m[36mActiveRecord::SchemaMigration Pluck (1.0ms)[0m  [1m[34mSELECT "schema_migrations"."version" FROM "schema_migrations" ORDER BY "schema_migrations"."version" ASC[0m
Processing by SessionController#create as */*
  Parameters: {"username"=>"user1", "password"=>"[FILTERED]", "session"=>{"username"=>"user1", "password"=>"[FILTERED]"}}
  [1m[36mUser Load (0.7ms)[0m  [1m[34mSELECT "users".* FROM "users" WHERE "users"."username" = $1 ORDER BY "users"."id" ASC LIMIT $2[0m  [["username", "user1"], ["LIMIT", 1]]
  ↳ app/controllers/session_controller.rb:7:in `create'
Completed 201 Created in 215ms (Views: 0.2ms | ActiveRecord: 6.9ms | Allocations: 10499)


Started POST "/users" for 127.0.0.1 at 2023-03-30 16:44:46 -0400
  
LoadError (cannot load such file -- C:/Users/starr/repos/lib/json_web_token):
  
app/controllers/concerns/authenticatable.rb:2:in `<main>'
app/controllers/user_controller.rb:2:in `<class:UserController>'
app/controllers/user_controller.rb:1:in `<main>'
Started POST "/users" for 127.0.0.1 at 2023-03-30 16:46:27 -0400
  [1m[36mActiveRecord::SchemaMigration Pluck (0.9ms)[0m  [1m[34mSELECT "schema_migrations"."version" FROM "schema_migrations" ORDER BY "schema_migrations"."version" ASC[0m
  
LoadError (cannot load such file -- C:/Users/starr/repos/lib/json_web_token):
  
app/controllers/concerns/authenticatable.rb:2:in `<main>'
app/controllers/user_controller.rb:2:in `<class:UserController>'
app/controllers/user_controller.rb:1:in `<main>'
Started POST "/users" for 127.0.0.1 at 2023-03-30 16:47:12 -0400
  [1m[36mActiveRecord::SchemaMigration Pluck (1.0ms)[0m  [1m[34mSELECT "schema_migrations"."version" FROM "schema_migrations" ORDER BY "schema_migrations"."version" ASC[0m
  
LoadError (cannot load such file -- C:/Users/starr/repos/Revature/ruby_project1/Project1/Project1/lib/json_web_token):
  
app/controllers/concerns/authenticatable.rb:2:in `<main>'
app/controllers/user_controller.rb:2:in `<class:UserController>'
app/controllers/user_controller.rb:1:in `<main>'
Started POST "/users" for 127.0.0.1 at 2023-03-30 16:48:23 -0400
  [1m[36mActiveRecord::SchemaMigration Pluck (0.8ms)[0m  [1m[34mSELECT "schema_migrations"."version" FROM "schema_migrations" ORDER BY "schema_migrations"."version" ASC[0m
Processing by UserController#create as */*
  Parameters: {"username"=>"user2", "password"=>"[FILTERED]", "user"=>{"username"=>"user2"}}
Completed 500 Internal Server Error in 16ms (ActiveRecord: 2.8ms | Allocations: 2284)


  
NameError (uninitialized constant JsonWebToken::ExceptionHandler

    raise ExceptionHandler::DecodeError, e.message
          ^^^^^^^^^^^^^^^^):
  
lib/json_web_token.rb:15:in `rescue in decode'
lib/json_web_token.rb:10:in `decode'
app/controllers/concerns/authenticatable.rb:15:in `authenticate_request!'
Started POST "/users" for 127.0.0.1 at 2023-03-30 16:52:37 -0400
  [1m[36mActiveRecord::SchemaMigration Pluck (1.2ms)[0m  [1m[34mSELECT "schema_migrations"."version" FROM "schema_migrations" ORDER BY "schema_migrations"."version" ASC[0m
Processing by UserController#create as */*
  Parameters: {"username"=>"user2", "password"=>"[FILTERED]", "user"=>{"username"=>"user2"}}
Completed 500 Internal Server Error in 0ms (ActiveRecord: 5.3ms | Allocations: 441)


  
JWT::DecodeError (No verification key available):
  
lib/json_web_token.rb:15:in `rescue in decode'
lib/json_web_token.rb:10:in `decode'
app/controllers/concerns/authenticatable.rb:15:in `authenticate_request!'
Started POST "/users" for 127.0.0.1 at 2023-03-30 16:53:25 -0400
  [1m[36mActiveRecord::SchemaMigration Pluck (0.8ms)[0m  [1m[34mSELECT "schema_migrations"."version" FROM "schema_migrations" ORDER BY "schema_migrations"."version" ASC[0m
Processing by UserController#create as */*
  Parameters: {"username"=>"user2", "password"=>"[FILTERED]", "user"=>{"username"=>"user2"}}
Completed 500 Internal Server Error in 0ms (ActiveRecord: 5.3ms | Allocations: 441)


  
JWT::DecodeError (No verification key available):
  
lib/json_web_token.rb:16:in `rescue in decode'
lib/json_web_token.rb:10:in `decode'
app/controllers/concerns/authenticatable.rb:15:in `authenticate_request!'
Started POST "/users" for 127.0.0.1 at 2023-03-30 16:54:51 -0400
  [1m[36mActiveRecord::SchemaMigration Pluck (0.9ms)[0m  [1m[34mSELECT "schema_migrations"."version" FROM "schema_migrations" ORDER BY "schema_migrations"."version" ASC[0m
Processing by UserController#create as */*
  Parameters: {"username"=>"user2", "password"=>"[FILTERED]", "user"=>{"username"=>"user2"}}
Completed 500 Internal Server Error in 5ms (ActiveRecord: 3.1ms | Allocations: 500)


  
JWT::DecodeError (No verification key available):
  
lib/json_web_token.rb:15:in `rescue in decode'
lib/json_web_token.rb:10:in `decode'
app/controllers/concerns/authenticatable.rb:15:in `authenticate_request!'
Started POST "/users" for 127.0.0.1 at 2023-03-30 16:55:32 -0400
  [1m[36mActiveRecord::SchemaMigration Pluck (0.9ms)[0m  [1m[34mSELECT "schema_migrations"."version" FROM "schema_migrations" ORDER BY "schema_migrations"."version" ASC[0m
Processing by UserController#create as */*
  Parameters: {"username"=>"user2", "password"=>"[FILTERED]", "user"=>{"username"=>"user2"}}
Completed 500 Internal Server Error in 0ms (ActiveRecord: 3.2ms | Allocations: 444)


  
JWT::DecodeError (No verification key available):
  
lib/json_web_token.rb:15:in `rescue in decode'
lib/json_web_token.rb:10:in `decode'
app/controllers/concerns/authenticatable.rb:15:in `authenticate_request!'
Started POST "/users" for 127.0.0.1 at 2023-03-30 16:56:30 -0400
  [1m[36mActiveRecord::SchemaMigration Pluck (0.9ms)[0m  [1m[34mSELECT "schema_migrations"."version" FROM "schema_migrations" ORDER BY "schema_migrations"."version" ASC[0m
Processing by UserController#create as */*
  Parameters: {"username"=>"user2", "password"=>"[FILTERED]", "user"=>{"username"=>"user2"}}
Completed 500 Internal Server Error in 3ms (ActiveRecord: 2.8ms | Allocations: 445)


  
JWT::DecodeError (No verification key available):
  
lib/json_web_token.rb:15:in `rescue in decode'
lib/json_web_token.rb:10:in `decode'
app/controllers/concerns/authenticatable.rb:15:in `authenticate_request!'
Started POST "/users" for 127.0.0.1 at 2023-03-30 16:56:42 -0400
Processing by UserController#create as */*
  Parameters: {"username"=>"user2", "password"=>"[FILTERED]", "user"=>{"username"=>"user2"}}
Completed 500 Internal Server Error in 0ms (ActiveRecord: 0.0ms | Allocations: 230)


  
JWT::DecodeError (No verification key available):
  
lib/json_web_token.rb:15:in `rescue in decode'
lib/json_web_token.rb:10:in `decode'
app/controllers/concerns/authenticatable.rb:15:in `authenticate_request!'
Started POST "/users" for 127.0.0.1 at 2023-03-30 16:56:56 -0400
Processing by UserController#create as */*
  Parameters: {"username"=>"user2", "password"=>"[FILTERED]", "user"=>{"username"=>"user2"}}
Completed 500 Internal Server Error in 0ms (ActiveRecord: 0.0ms | Allocations: 91)


  
TypeError (no implicit conversion of nil into String):
  
app/controllers/concerns/authenticatable.rb:23:in `+'
app/controllers/concerns/authenticatable.rb:23:in `token'
app/controllers/concerns/authenticatable.rb:15:in `authenticate_request!'
Started POST "/users" for 127.0.0.1 at 2023-03-30 16:57:12 -0400
Processing by UserController#create as */*
  Parameters: {"username"=>"user2", "password"=>"[FILTERED]", "user"=>{"username"=>"user2"}}
Completed 500 Internal Server Error in 0ms (ActiveRecord: 0.0ms | Allocations: 195)


  
JWT::DecodeError (No verification key available):
  
lib/json_web_token.rb:15:in `rescue in decode'
lib/json_web_token.rb:10:in `decode'
app/controllers/concerns/authenticatable.rb:15:in `authenticate_request!'
Started POST "/login" for 127.0.0.1 at 2023-03-30 16:59:21 -0400
Processing by SessionController#create as */*
  Parameters: {"username"=>"user1", "password"=>"[FILTERED]", "session"=>{"username"=>"user1", "password"=>"[FILTERED]"}}
  [1m[36mUser Load (0.6ms)[0m  [1m[34mSELECT "users".* FROM "users" WHERE "users"."username" = $1 ORDER BY "users"."id" ASC LIMIT $2[0m  [["username", "user1"], ["LIMIT", 1]]
  ↳ app/controllers/session_controller.rb:7:in `create'
Completed 201 Created in 200ms (Views: 0.2ms | ActiveRecord: 3.1ms | Allocations: 8408)


Started POST "/users" for 127.0.0.1 at 2023-03-30 16:59:48 -0400
Processing by UserController#create as */*
  Parameters: {"username"=>"user1", "password"=>"[FILTERED]", "user"=>{"username"=>"user1"}}
Completed 500 Internal Server Error in 0ms (ActiveRecord: 0.0ms | Allocations: 217)


  
JWT::DecodeError (No verification key available):
  
lib/json_web_token.rb:15:in `rescue in decode'
lib/json_web_token.rb:10:in `decode'
app/controllers/concerns/authenticatable.rb:15:in `authenticate_request!'
Started POST "/users" for 127.0.0.1 at 2023-03-30 17:01:21 -0400
  [1m[36mActiveRecord::SchemaMigration Pluck (0.9ms)[0m  [1m[34mSELECT "schema_migrations"."version" FROM "schema_migrations" ORDER BY "schema_migrations"."version" ASC[0m
Processing by UserController#create as */*
  Parameters: {"username"=>"user1", "password"=>"[FILTERED]", "user"=>{"username"=>"user1"}}
Completed 500 Internal Server Error in 3ms (ActiveRecord: 2.8ms | Allocations: 443)


  
JWT::DecodeError (No verification key available):
  
lib/json_web_token.rb:15:in `rescue in decode'
lib/json_web_token.rb:10:in `decode'
app/controllers/concerns/authenticatable.rb:17:in `authenticate_request!'
  [1m[36mTRANSACTION (1.4ms)[0m  [1m[35mBEGIN[0m
  [1m[36mUser Create (1.1ms)[0m  [1m[32mINSERT INTO "users" ("username", "password_digest", "created_at", "updated_at") VALUES ($1, $2, $3, $4) RETURNING "id"[0m  [["username", "user3"], ["password_digest", "[FILTERED]"], ["created_at", "2023-03-30 21:10:30.223020"], ["updated_at", "2023-03-30 21:10:30.223020"]]
  [1m[36mTRANSACTION (2.2ms)[0m  [1m[35mCOMMIT[0m
Started POST "/login" for 127.0.0.1 at 2023-03-30 17:11:05 -0400
  [1m[36mActiveRecord::SchemaMigration Pluck (0.8ms)[0m  [1m[34mSELECT "schema_migrations"."version" FROM "schema_migrations" ORDER BY "schema_migrations"."version" ASC[0m
Processing by SessionController#create as */*
  Parameters: {"username"=>"user3", "password"=>"[FILTERED]", "session"=>{"username"=>"user3", "password"=>"[FILTERED]"}}
  [1m[36mUser Load (0.6ms)[0m  [1m[34mSELECT "users".* FROM "users" WHERE "users"."username" = $1 ORDER BY "users"."id" ASC LIMIT $2[0m  [["username", "user3"], ["LIMIT", 1]]
  ↳ app/controllers/session_controller.rb:7:in `create'
Completed 201 Created in 209ms (Views: 0.2ms | ActiveRecord: 6.0ms | Allocations: 10483)


Started POST "/users" for 127.0.0.1 at 2023-03-30 17:11:31 -0400
Processing by UserController#create as */*
  Parameters: {"username"=>"user4", "password"=>"[FILTERED]", "user"=>{"username"=>"user4"}}
  [1m[36mUser Load (0.6ms)[0m  [1m[34mSELECT "users".* FROM "users" WHERE "users"."id" = $1 LIMIT $2[0m  [["id", 6], ["LIMIT", 1]]
  ↳ app/controllers/concerns/authenticatable.rb:19:in `authenticate_request!'
Filter chain halted as :authenticate_request! rendered or redirected
Completed 403 Forbidden in 4ms (Views: 0.1ms | ActiveRecord: 0.6ms | Allocations: 1361)


Started POST "/users" for 127.0.0.1 at 2023-03-30 17:14:50 -0400
  [1m[36mActiveRecord::SchemaMigration Pluck (1.8ms)[0m  [1m[34mSELECT "schema_migrations"."version" FROM "schema_migrations" ORDER BY "schema_migrations"."version" ASC[0m
Processing by UserController#create as */*
  Parameters: {"username"=>"user4", "password"=>"[FILTERED]", "user"=>{"username"=>"user4"}}
  [1m[36mUser Load (4.9ms)[0m  [1m[34mSELECT "users".* FROM "users" WHERE "users"."id" = $1 LIMIT $2[0m  [["id", 6], ["LIMIT", 1]]
  ↳ app/controllers/concerns/authenticatable.rb:19:in `authenticate_request!'
Filter chain halted as :authenticate_request! rendered or redirected
Completed 403 Forbidden in 33ms (Views: 0.2ms | ActiveRecord: 12.6ms | Allocations: 6096)


Started POST "/login" for 127.0.0.1 at 2023-03-30 17:18:21 -0400
  [1m[36mActiveRecord::SchemaMigration Pluck (1.3ms)[0m  [1m[34mSELECT "schema_migrations"."version" FROM "schema_migrations" ORDER BY "schema_migrations"."version" ASC[0m
Processing by SessionController#create as */*
  Parameters: {"username"=>"user3", "password"=>"[FILTERED]", "session"=>{"username"=>"user3", "password"=>"[FILTERED]"}}
  [1m[36mUser Load (0.6ms)[0m  [1m[34mSELECT "users".* FROM "users" WHERE "users"."username" = $1 ORDER BY "users"."id" ASC LIMIT $2[0m  [["username", "user3"], ["LIMIT", 1]]
  ↳ app/controllers/session_controller.rb:7:in `create'
Completed 201 Created in 222ms (Views: 0.2ms | ActiveRecord: 7.1ms | Allocations: 10474)


Started POST "/users" for 127.0.0.1 at 2023-03-30 17:18:52 -0400
Processing by UserController#create as */*
  Parameters: {"username"=>"user5", "password"=>"[FILTERED]", "user"=>{"username"=>"user5"}}
  [1m[36mUser Load (0.6ms)[0m  [1m[34mSELECT "users".* FROM "users" WHERE "users"."id" = $1 LIMIT $2[0m  [["id", 6], ["LIMIT", 1]]
  ↳ app/controllers/concerns/authenticatable.rb:16:in `authenticate_request!'
  [1m[36mTRANSACTION (0.8ms)[0m  [1m[35mBEGIN[0m
  ↳ app/controllers/user_controller.rb:5:in `create'
  [1m[36mUser Create (0.8ms)[0m  [1m[32mINSERT INTO "users" ("username", "password_digest", "created_at", "updated_at") VALUES ($1, $2, $3, $4) RETURNING "id"[0m  [["username", "user5"], ["password_digest", "[FILTERED]"], ["created_at", "2023-03-30 21:18:53.126845"], ["updated_at", "2023-03-30 21:18:53.126845"]]
  ↳ app/controllers/user_controller.rb:5:in `create'
  [1m[36mTRANSACTION (2.7ms)[0m  [1m[35mCOMMIT[0m
  ↳ app/controllers/user_controller.rb:5:in `create'
Completed 200 OK in 190ms (Views: 0.3ms | ActiveRecord: 4.9ms | Allocations: 3805)


Started POST "/users" for 127.0.0.1 at 2023-03-30 17:19:31 -0400
Processing by UserController#create as */*
  Parameters: {"username"=>"user5", "password"=>"[FILTERED]", "user"=>{"username"=>"user5"}}
Completed 500 Internal Server Error in 0ms (ActiveRecord: 0.0ms | Allocations: 198)


  
JWT::DecodeError (Not enough or too many segments):
  
lib/json_web_token.rb:15:in `rescue in decode'
lib/json_web_token.rb:9:in `decode'
app/controllers/concerns/authenticatable.rb:15:in `authenticate_request!'
Started DELETE "/users" for 127.0.0.1 at 2023-03-30 17:19:55 -0400
  
ActionController::RoutingError (No route matches [DELETE] "/users"):
  
Started DELETE "/users" for 127.0.0.1 at 2023-03-30 17:20:02 -0400
  
ActionController::RoutingError (No route matches [DELETE] "/users"):
  
Started DELETE "/users/7" for 127.0.0.1 at 2023-03-30 17:20:19 -0400
Processing by UserController#destroy as */*
  Parameters: {"username"=>"user5", "password"=>"[FILTERED]", "id"=>"7", "user"=>{"username"=>"user5"}}
  [1m[36mUser Load (0.8ms)[0m  [1m[34mSELECT "users".* FROM "users" WHERE "users"."id" = $1 LIMIT $2[0m  [["id", 6], ["LIMIT", 1]]
  ↳ app/controllers/concerns/authenticatable.rb:16:in `authenticate_request!'
  [1m[36mUser Load (0.6ms)[0m  [1m[34mSELECT "users".* FROM "users" WHERE "users"."id" = $1 LIMIT $2[0m  [["id", 7], ["LIMIT", 1]]
  ↳ app/controllers/user_controller.rb:18:in `destroy'
  [1m[36mUser Destroy (1.8ms)[0m  [1m[31mDELETE FROM "users" WHERE "users"."id" = $1[0m  [["id", 7]]
  ↳ app/controllers/user_controller.rb:20:in `destroy'
Completed 200 OK in 7ms (Views: 0.1ms | ActiveRecord: 3.2ms | Allocations: 1720)


